Configuring conduit-1.2.3...
Building conduit-1.2.3...
Preprocessing library conduit-1.2.3...
[1 of 8] Compiling Data.Conduit.Internal.Pipe ( Data/Conduit/Internal/Pipe.hs, dist/dist-sandbox-3a6008a8/build/Data/Conduit/Internal/Pipe.o )
[2 of 8] Compiling Data.Conduit.Internal.Conduit ( Data/Conduit/Internal/Conduit.hs, dist/dist-sandbox-3a6008a8/build/Data/Conduit/Internal/Conduit.o )

Data/Conduit/Internal/Conduit.hs:85:1: Warning:
    Module ‘Prelude’ does not export ‘catch’
[3 of 8] Compiling Data.Conduit.Internal.Fusion ( Data/Conduit/Internal/Fusion.hs, dist/dist-sandbox-3a6008a8/build/Data/Conduit/Internal/Fusion.o )
[4 of 8] Compiling Data.Conduit.Internal.List.Stream ( Data/Conduit/Internal/List/Stream.hs, dist/dist-sandbox-3a6008a8/build/Data/Conduit/Internal/List/Stream.o )
[5 of 8] Compiling Data.Conduit.Internal ( Data/Conduit/Internal.hs, dist/dist-sandbox-3a6008a8/build/Data/Conduit/Internal.o )
[6 of 8] Compiling Data.Conduit     ( Data/Conduit.hs, dist/dist-sandbox-3a6008a8/build/Data/Conduit.o )
[7 of 8] Compiling Data.Conduit.List ( Data/Conduit/List.hs, dist/dist-sandbox-3a6008a8/build/Data/Conduit/List.o )
[8 of 8] Compiling Data.Conduit.Lift ( Data/Conduit/Lift.hs, dist/dist-sandbox-3a6008a8/build/Data/Conduit/Lift.o )

Data/Conduit/Lift.hs:77:1: Warning:
    Module ‘Control.Monad.Trans.Error’ is deprecated:
      Use Control.Monad.Trans.Except instead

Data/Conduit/Lift.hs:128:26: Warning:
    In the use of type constructor or class ‘E.ErrorT’
    (imported from Control.Monad.Trans.Error):
    Deprecated: "Use Control.Monad.Trans.Except instead"

Data/Conduit/Lift.hs:128:56: Warning:
    In the use of type constructor or class ‘E.Error’
    (imported from Control.Monad.Trans.Error):
    Deprecated: "Use Control.Monad.Trans.Except instead"

Data/Conduit/Lift.hs:130:29: Warning:
    In the use of type constructor or class ‘E.ErrorT’
    (imported from Control.Monad.Trans.Error):
    Deprecated: "Use Control.Monad.Trans.Except instead"

Data/Conduit/Lift.hs:133:12: Warning:
    In the use of data constructor ‘E.ErrorT’
    (imported from Control.Monad.Trans.Error):
    Deprecated: "Use Control.Monad.Trans.Except instead"

Data/Conduit/Lift.hs:139:16: Warning:
    In the use of type constructor or class ‘E.Error’
    (imported from Control.Monad.Trans.Error):
    Deprecated: "Use Control.Monad.Trans.Except instead"

Data/Conduit/Lift.hs:140:20: Warning:
    In the use of type constructor or class ‘E.ErrorT’
    (imported from Control.Monad.Trans.Error):
    Deprecated: "Use Control.Monad.Trans.Except instead"

Data/Conduit/Lift.hs:145:25: Warning:
    In the use of ‘E.runErrorT’
    (imported from Control.Monad.Trans.Error):
    Deprecated: "Use Control.Monad.Trans.Except instead"

Data/Conduit/Lift.hs:150:56: Warning:
    In the use of ‘E.runErrorT’
    (imported from Control.Monad.Trans.Error):
    Deprecated: "Use Control.Monad.Trans.Except instead"

Data/Conduit/Lift.hs:159:16: Warning:
    In the use of type constructor or class ‘E.Error’
    (imported from Control.Monad.Trans.Error):
    Deprecated: "Use Control.Monad.Trans.Except instead"

Data/Conduit/Lift.hs:160:20: Warning:
    In the use of type constructor or class ‘E.ErrorT’
    (imported from Control.Monad.Trans.Error):
    Deprecated: "Use Control.Monad.Trans.Except instead"

Data/Conduit/Lift.hs:161:29: Warning:
    In the use of type constructor or class ‘E.ErrorT’
    (imported from Control.Monad.Trans.Error):
    Deprecated: "Use Control.Monad.Trans.Except instead"

Data/Conduit/Lift.hs:162:23: Warning:
    In the use of type constructor or class ‘E.ErrorT’
    (imported from Control.Monad.Trans.Error):
    Deprecated: "Use Control.Monad.Trans.Except instead"

Data/Conduit/Lift.hs:167:32: Warning:
    In the use of ‘E.runErrorT’
    (imported from Control.Monad.Trans.Error):
    Deprecated: "Use Control.Monad.Trans.Except instead"
In-place registering conduit-1.2.3...
Creating package registration file:
/var/folders/x1/bft77jzs0lx746bnbmmwtdsw0000gn/T/pkgConf-conduit-1.236965.3
Installing library in
/Users/Alex/Documents/Code/haskell/haskapi/.cabal-sandbox/lib/x86_64-osx-ghc-7.8.3/conduit-1.2.3
Registering conduit-1.2.3...
